<?xml version="1.0" encoding="UTF-8"?>
<!-- Generated by org.testng.reporters.JUnitXMLReporter -->
<testsuite ignored="0" hostname="RONIT" failures="0" tests="4" name="Default test" time="0.065" errors="0" timestamp="2024-02-26T23:14:26 IST">
  <testcase classname="JavaStreamsAndLambda" name="Regular" time="0.008"/>
  <testcase classname="JavaStreamsAndLambda" name="StreamCollect" time="0.003"/>
  <testcase classname="JavaStreamsAndLambda" name="StreamFilter" time="0.009"/>
  <testcase classname="JavaStreamsAndLambda" name="StreamMap" time="0.003"/>
</testsuite> <!-- Default test -->
