<?xml version="1.0" encoding="UTF-8"?>
<testng-results ignored="0" total="4" passed="4" failed="0" skipped="0">
  <reporter-output>
  </reporter-output>
  <suite started-at="2024-02-26T23:14:26 IST" name="Default suite" finished-at="2024-02-26T23:14:26 IST" duration-ms="65">
    <groups>
    </groups>
    <test started-at="2024-02-26T23:14:26 IST" name="Default test" finished-at="2024-02-26T23:14:26 IST" duration-ms="65">
      <class name="JavaStreamsAndLambda">
        <test-method signature="Regular()[pri:0, instance:JavaStreamsAndLambda@169e6180]" started-at="2024-02-26T23:14:26 IST" name="Regular" finished-at="2024-02-26T23:14:26 IST" duration-ms="8" status="PASS">
          <reporter-output>
          </reporter-output>
        </test-method> <!-- Regular -->
        <test-method signature="StreamCollect()[pri:0, instance:JavaStreamsAndLambda@169e6180]" started-at="2024-02-26T23:14:26 IST" name="StreamCollect" finished-at="2024-02-26T23:14:26 IST" duration-ms="3" status="PASS">
          <reporter-output>
          </reporter-output>
        </test-method> <!-- StreamCollect -->
        <test-method signature="StreamFilter()[pri:0, instance:JavaStreamsAndLambda@169e6180]" started-at="2024-02-26T23:14:26 IST" name="StreamFilter" finished-at="2024-02-26T23:14:26 IST" duration-ms="9" status="PASS">
          <reporter-output>
          </reporter-output>
        </test-method> <!-- StreamFilter -->
        <test-method signature="StreamMap()[pri:0, instance:JavaStreamsAndLambda@169e6180]" started-at="2024-02-26T23:14:26 IST" name="StreamMap" finished-at="2024-02-26T23:14:26 IST" duration-ms="3" status="PASS">
          <reporter-output>
          </reporter-output>
        </test-method> <!-- StreamMap -->
      </class> <!-- JavaStreamsAndLambda -->
    </test> <!-- Default test -->
  </suite> <!-- Default suite -->
</testng-results>
